  Building Custom Rule C:/Users/40212722/Desktop/set08116/labs/coursework-build/devil-src/DevIL/src-IL/CMakeLists.txt
  CMake does not need to re-run because C:\Users\40212722\Desktop\set08116\labs\coursework-build\devil-build\src-IL\CMakeFiles\generate.stamp is up-to-date.
  altivec_common.cpp
  altivec_typeconversion.cpp
  il_alloc.cpp
  il_bits.cpp
  il_blp.cpp
  il_bmp.cpp
  il_convbuff.cpp
  il_convert.cpp
  il_cut.cpp
  il_dcx.cpp
  il_dds-save.cpp
  il_dds.cpp
  il_devil.cpp
  il_dicom.cpp
  il_doom.cpp
  il_dpx.cpp
  il_endian.cpp
  il_error.cpp
  il_exr.cpp
  il_fastconv.cpp
  il_files.cpp
  il_fits.cpp
  il_ftx.cpp
  il_gif.cpp
  il_hdr.cpp
  il_header.cpp
  il_icns.cpp
  il_icon.cpp
  il_iff.cpp
  il_ilbm.cpp
  il_internal.cpp
  il_io.cpp
  il_iwi.cpp
  il_jp2.cpp
  il_jpeg.cpp
  il_ktx.cpp
  il_lif.cpp
  il_main.cpp
  il_manip.cpp
  il_mdl.cpp
  il_mng.cpp
  il_mp3.cpp
  il_neuquant.cpp
  il_nvidia.cpp
  il_pal.cpp
  il_pcd.cpp
  il_pcx.cpp
  il_pic.cpp
  il_pix.cpp
  il_png.cpp
  il_pnm.cpp
  il_profiles.cpp
  il_psd.cpp
  il_psp.cpp
  il_pxr.cpp
  il_quantizer.cpp
  il_raw.cpp
  il_rawdata.cpp
  il_register.cpp
  il_rle.cpp
  il_rot.cpp
  il_sgi.cpp
  il_size.cpp
  il_squish.cpp
  il_stack.cpp
  il_states.cpp
  il_sun.cpp
  il_targa.cpp
  il_texture.cpp
  il_tiff.cpp
  il_tpl.cpp
  il_utility.cpp
  il_utx.cpp
  il_vtf.cpp
  il_wal.cpp
  il_wbmp.cpp
  il_wdp.cpp
  il_xpm.cpp
il_alloc.obj : warning LNK4197: export 'ilResetMemory' specified multiple times; using first specification
il_alloc.obj : warning LNK4197: export 'ilSetMemory' specified multiple times; using first specification
il_alloc.obj : warning LNK4197: export 'ialloc' specified multiple times; using first specification
il_alloc.obj : warning LNK4197: export 'ifree' specified multiple times; using first specification
il_convbuff.obj : warning LNK4197: export 'ilConvertBuffer' specified multiple times; using first specification
il_convert.obj : warning LNK4197: export 'ilConvertImage' specified multiple times; using first specification
il_convert.obj : warning LNK4197: export 'ilKeyColour' specified multiple times; using first specification
il_convert.obj : warning LNK4197: export 'iConvertImage' specified multiple times; using first specification
il_dds-save.obj : warning LNK4197: export 'ilCompressDXT' specified multiple times; using first specification
il_dds-save.obj : warning LNK4197: export 'ilGetDXTCData' specified multiple times; using first specification
il_dds.obj : warning LNK4197: export 'ilDxtcDataToImage' specified multiple times; using first specification
il_dds.obj : warning LNK4197: export 'ilDxtcDataToSurface' specified multiple times; using first specification
il_dds.obj : warning LNK4197: export 'ilImageToDxtcData' specified multiple times; using first specification
il_dds.obj : warning LNK4197: export 'ilSurfaceToDxtcData' specified multiple times; using first specification
il_dds.obj : warning LNK4197: export 'ilTexImageDxtc' specified multiple times; using first specification
il_devil.obj : warning LNK4197: export 'ilBlit' specified multiple times; using first specification
il_devil.obj : warning LNK4197: export 'ilClearColour' specified multiple times; using first specification
il_devil.obj : warning LNK4197: export 'ilClearImage' specified multiple times; using first specification
il_devil.obj : warning LNK4197: export 'ilCloneCurImage' specified multiple times; using first specification
il_devil.obj : warning LNK4197: export 'ilCopyImage' specified multiple times; using first specification
il_devil.obj : warning LNK4197: export 'ilGetData' specified multiple times; using first specification
il_devil.obj : warning LNK4197: export 'ilGetPalette' specified multiple times; using first specification
il_devil.obj : warning LNK4197: export 'ilOverlayImage' specified multiple times; using first specification
il_devil.obj : warning LNK4197: export 'ilSetData' specified multiple times; using first specification
il_devil.obj : warning LNK4197: export 'ilTexImage' specified multiple times; using first specification
il_devil.obj : warning LNK4197: export 'ilClearImage_' specified multiple times; using first specification
il_devil.obj : warning LNK4197: export 'ilCopyImageAttr' specified multiple times; using first specification
il_devil.obj : warning LNK4197: export 'ilCopyImage_' specified multiple times; using first specification
il_devil.obj : warning LNK4197: export 'ilGetClear' specified multiple times; using first specification
il_devil.obj : warning LNK4197: export 'ilNewImage' specified multiple times; using first specification
il_devil.obj : warning LNK4197: export 'ilNewImageFull' specified multiple times; using first specification
il_devil.obj : warning LNK4197: export 'ilInitImage' specified multiple times; using first specification
il_devil.obj : warning LNK4197: export 'ilResizeImage' specified multiple times; using first specification
il_devil.obj : warning LNK4197: export 'ilTexImage_' specified multiple times; using first specification
il_devil.obj : warning LNK4197: export 'ilTexSubImage_' specified multiple times; using first specification
il_error.obj : warning LNK4197: export 'ilGetError' specified multiple times; using first specification
il_error.obj : warning LNK4197: export 'ilSetError' specified multiple times; using first specification
il_files.obj : warning LNK4197: export 'ilGetLumpPos' specified multiple times; using first specification
il_files.obj : warning LNK4197: export 'ilResetRead' specified multiple times; using first specification
il_files.obj : warning LNK4197: export 'ilResetWrite' specified multiple times; using first specification
il_files.obj : warning LNK4197: export 'ilSetRead' specified multiple times; using first specification
il_files.obj : warning LNK4197: export 'ilSetWrite' specified multiple times; using first specification
il_io.obj : warning LNK4197: export 'ilDetermineType' specified multiple times; using first specification
il_io.obj : warning LNK4197: export 'ilDetermineTypeF' specified multiple times; using first specification
il_io.obj : warning LNK4197: export 'ilDetermineTypeL' specified multiple times; using first specification
il_io.obj : warning LNK4197: export 'ilIsValid' specified multiple times; using first specification
il_io.obj : warning LNK4197: export 'ilIsValidF' specified multiple times; using first specification
il_io.obj : warning LNK4197: export 'ilIsValidL' specified multiple times; using first specification
il_io.obj : warning LNK4197: export 'ilLoad' specified multiple times; using first specification
il_io.obj : warning LNK4197: export 'ilLoadF' specified multiple times; using first specification
il_io.obj : warning LNK4197: export 'ilLoadImage' specified multiple times; using first specification
il_io.obj : warning LNK4197: export 'ilLoadL' specified multiple times; using first specification
il_io.obj : warning LNK4197: export 'ilSave' specified multiple times; using first specification
il_io.obj : warning LNK4197: export 'ilSaveF' specified multiple times; using first specification
il_io.obj : warning LNK4197: export 'ilSaveImage' specified multiple times; using first specification
il_io.obj : warning LNK4197: export 'ilSaveL' specified multiple times; using first specification
il_io.obj : warning LNK4197: export 'ilTypeFromExt' specified multiple times; using first specification
il_manip.obj : warning LNK4197: export 'ilClampNTSC' specified multiple times; using first specification
il_manip.obj : warning LNK4197: export 'ilCopyPixels' specified multiple times; using first specification
il_manip.obj : warning LNK4197: export 'ilDefaultImage' specified multiple times; using first specification
il_manip.obj : warning LNK4197: export 'ilGetAlpha' specified multiple times; using first specification
il_manip.obj : warning LNK4197: export 'ilModAlpha' specified multiple times; using first specification
il_manip.obj : warning LNK4197: export 'ilSetAlpha' specified multiple times; using first specification
il_manip.obj : warning LNK4197: export 'ilSetPixels' specified multiple times; using first specification
il_manip.obj : warning LNK4197: export 'iGetFlipped' specified multiple times; using first specification
il_pal.obj : warning LNK4197: export 'ilApplyPal' specified multiple times; using first specification
il_pal.obj : warning LNK4197: export 'ilConvertPal' specified multiple times; using first specification
il_pal.obj : warning LNK4197: export 'ilLoadPal' specified multiple times; using first specification
il_pal.obj : warning LNK4197: export 'ilSavePal' specified multiple times; using first specification
il_pal.obj : warning LNK4197: export 'ilSetPal' specified multiple times; using first specification
il_pal.obj : warning LNK4197: export 'iCopyPal' specified multiple times; using first specification
il_pal.obj : warning LNK4197: export 'iConvertPal' specified multiple times; using first specification
il_profiles.obj : warning LNK4197: export 'ilApplyProfile' specified multiple times; using first specification
il_rawdata.obj : warning LNK4197: export 'ilLoadData' specified multiple times; using first specification
il_rawdata.obj : warning LNK4197: export 'ilLoadDataF' specified multiple times; using first specification
il_rawdata.obj : warning LNK4197: export 'ilLoadDataL' specified multiple times; using first specification
il_rawdata.obj : warning LNK4197: export 'ilSaveData' specified multiple times; using first specification
il_register.obj : warning LNK4197: export 'ilRegisterFormat' specified multiple times; using first specification
il_register.obj : warning LNK4197: export 'ilRegisterLoad' specified multiple times; using first specification
il_register.obj : warning LNK4197: export 'ilRegisterMipNum' specified multiple times; using first specification
il_register.obj : warning LNK4197: export 'ilRegisterNumFaces' specified multiple times; using first specification
il_register.obj : warning LNK4197: export 'ilRegisterNumImages' specified multiple times; using first specification
il_register.obj : warning LNK4197: export 'ilRegisterOrigin' specified multiple times; using first specification
il_register.obj : warning LNK4197: export 'ilRegisterPal' specified multiple times; using first specification
il_register.obj : warning LNK4197: export 'ilRegisterSave' specified multiple times; using first specification
il_register.obj : warning LNK4197: export 'ilRegisterType' specified multiple times; using first specification
il_register.obj : warning LNK4197: export 'ilRemoveLoad' specified multiple times; using first specification
il_register.obj : warning LNK4197: export 'ilRemoveSave' specified multiple times; using first specification
il_register.obj : warning LNK4197: export 'ilSetDuration' specified multiple times; using first specification
il_stack.obj : warning LNK4197: export 'ilActiveFace' specified multiple times; using first specification
il_stack.obj : warning LNK4197: export 'ilActiveImage' specified multiple times; using first specification
il_stack.obj : warning LNK4197: export 'ilActiveLayer' specified multiple times; using first specification
il_stack.obj : warning LNK4197: export 'ilActiveMipmap' specified multiple times; using first specification
il_stack.obj : warning LNK4197: export 'ilBindImage' specified multiple times; using first specification
il_stack.obj : warning LNK4197: export 'ilCreateSubImage' specified multiple times; using first specification
il_stack.obj : warning LNK4197: export 'ilDeleteImage' specified multiple times; using first specification
il_stack.obj : warning LNK4197: export 'ilDeleteImages' specified multiple times; using first specification
il_stack.obj : warning LNK4197: export 'ilGenImages' specified multiple times; using first specification
il_stack.obj : warning LNK4197: export 'ilGenImage' specified multiple times; using first specification
il_stack.obj : warning LNK4197: export 'ilInit' specified multiple times; using first specification
il_stack.obj : warning LNK4197: export 'ilIsImage' specified multiple times; using first specification
il_stack.obj : warning LNK4197: export 'ilShutDown' specified multiple times; using first specification
il_stack.obj : warning LNK4197: export 'ilGetCurImage' specified multiple times; using first specification
il_stack.obj : warning LNK4197: export 'ilSetCurImage' specified multiple times; using first specification
il_stack.obj : warning LNK4197: export 'ilReplaceCurImage' specified multiple times; using first specification
il_stack.obj : warning LNK4197: export 'iBindImageTemp' specified multiple times; using first specification
il_stack.obj : warning LNK4197: export 'ilCloseImage' specified multiple times; using first specification
il_stack.obj : warning LNK4197: export 'ilClosePal' specified multiple times; using first specification
il_stack.obj : warning LNK4197: export 'ilGetCurName' specified multiple times; using first specification
il_stack.obj : warning LNK4197: export 'ilIsValidPal' specified multiple times; using first specification
il_states.obj : warning LNK4197: export 'ilCompressFunc' specified multiple times; using first specification
il_states.obj : warning LNK4197: export 'ilDisable' specified multiple times; using first specification
il_states.obj : warning LNK4197: export 'ilEnable' specified multiple times; using first specification
il_states.obj : warning LNK4197: export 'ilFormatFunc' specified multiple times; using first specification
il_states.obj : warning LNK4197: export 'ilGetBoolean' specified multiple times; using first specification
il_states.obj : warning LNK4197: export 'ilGetBooleanv' specified multiple times; using first specification
il_states.obj : warning LNK4197: export 'ilGetInteger' specified multiple times; using first specification
il_states.obj : warning LNK4197: export 'ilGetIntegerv' specified multiple times; using first specification
il_states.obj : warning LNK4197: export 'ilGetString' specified multiple times; using first specification
il_states.obj : warning LNK4197: export 'ilHint' specified multiple times; using first specification
il_states.obj : warning LNK4197: export 'ilIsDisabled' specified multiple times; using first specification
il_states.obj : warning LNK4197: export 'ilIsEnabled' specified multiple times; using first specification
il_states.obj : warning LNK4197: export 'ilOriginFunc' specified multiple times; using first specification
il_states.obj : warning LNK4197: export 'ilPopAttrib' specified multiple times; using first specification
il_states.obj : warning LNK4197: export 'ilPushAttrib' specified multiple times; using first specification
il_states.obj : warning LNK4197: export 'ilSetInteger' specified multiple times; using first specification
il_states.obj : warning LNK4197: export 'ilSetString' specified multiple times; using first specification
il_states.obj : warning LNK4197: export 'ilTypeFunc' specified multiple times; using first specification
il_utility.obj : warning LNK4197: export 'ilGetBppFormat' specified multiple times; using first specification
il_utility.obj : warning LNK4197: export 'ilGetFormatBpp' specified multiple times; using first specification
il_utility.obj : warning LNK4197: export 'ilGetBpcType' specified multiple times; using first specification
il_utility.obj : warning LNK4197: export 'ilGetTypeBpc' specified multiple times; using first specification
il_utility.obj : warning LNK4197: export 'ilGetBppPal' specified multiple times; using first specification
il_utility.obj : warning LNK4197: export 'ilGetPalBaseType' specified multiple times; using first specification
il_utility.obj : warning LNK4197: export 'ilNextPower2' specified multiple times; using first specification
     Creating library C:/Users/40212722/Desktop/set08116/labs/coursework-build/bin/DEBUG/DevIL.lib and object C:/Users/40212722/Desktop/set08116/labs/coursework-build/bin/DEBUG/DevIL.exp
  IL.vcxproj -> C:\Users\40212722\Desktop\set08116\labs\coursework-build\bin\DEBUG\DevIL.dll
