  Building Custom Rule C:/Users/40212722/Desktop/set08116/labs/coursework-build/assimp-src/code/CMakeLists.txt
  CMake does not need to re-run because C:\Users\40212722\Desktop\set08116\labs\coursework-build\assimp-build\code\CMakeFiles\generate.stamp is up-to-date.
  Assimp.cpp
  BaseImporter.cpp
  BaseProcess.cpp
  PostStepRegistry.cpp
  ImporterRegistry.cpp
  DefaultIOStream.cpp
  DefaultIOSystem.cpp
  Importer.cpp
  SGSpatialSort.cpp
  VertexTriangleAdjacency.cpp
  SpatialSort.cpp
  SceneCombiner.cpp
  ScenePreprocessor.cpp
  SkeletonMeshBuilder.cpp
  SplitByBoneCountProcess.cpp
  StandardShapes.cpp
  TargetAnimation.cpp
  RemoveComments.cpp
  Subdivision.cpp
  Bitmap.cpp
  Version.cpp
  DefaultLogger.cpp
  Exporter.cpp
  AssimpCExport.cpp
  CalcTangentsProcess.cpp
  ComputeUVMappingProcess.cpp
  ConvertToLHProcess.cpp
  FindDegenerates.cpp
  FindInstancesProcess.cpp
  FindInvalidDataProcess.cpp
  FixNormalsStep.cpp
  GenFaceNormalsProcess.cpp
  GenVertexNormalsProcess.cpp
  PretransformVertices.cpp
  ImproveCacheLocality.cpp
  JoinVerticesProcess.cpp
  LimitBoneWeightsProcess.cpp
  RemoveRedundantMaterials.cpp
  RemoveVCProcess.cpp
  SortByPTypeProcess.cpp
  SplitLargeMeshes.cpp
  TextureTransform.cpp
  TriangulateProcess.cpp
  ValidateDataStructure.cpp
  OptimizeGraph.cpp
  OptimizeMeshes.cpp
  DeboneProcess.cpp
  ProcessHelper.cpp
  MakeVerboseFormat.cpp
  MaterialSystem.cpp
  StepExporter.cpp
  3DSConverter.cpp
  3DSLoader.cpp
C:\Program Files (x86)\Microsoft Visual Studio 14.0\VC\include\utility(172): warning C4267: 'initializing': conversion from 'size_t' to 'unsigned int', possible loss of data (compiling source file C:\Users\40212722\Desktop\set08116\labs\coursework-build\assimp-src\code\DeboneProcess.cpp)
  C:\Users\40212722\Desktop\set08116\labs\coursework-build\assimp-src\code\DeboneProcess.cpp(140): note: see reference to function template instantiation 'std::pair<unsigned int,aiNode *>::pair<unsigned __int64,aiNode*&,void,0>(_Other1 &&,_Other2) noexcept' being compiled
          with
          [
              _Other1=unsigned __int64,
              _Other2=aiNode *&
          ]
  C:\Users\40212722\Desktop\set08116\labs\coursework-build\assimp-src\code\DeboneProcess.cpp(140): note: see reference to function template instantiation 'std::pair<unsigned int,aiNode *>::pair<unsigned __int64,aiNode*&,void,0>(_Other1 &&,_Other2) noexcept' being compiled
          with
          [
              _Other1=unsigned __int64,
              _Other2=aiNode *&
          ]
  3DSExporter.cpp
  MD2Loader.cpp
  MD3Loader.cpp
  MD5Loader.cpp
  MD5Parser.cpp
  MDLLoader.cpp
  MDLMaterialLoader.cpp
  ObjFileImporter.cpp
  ObjFileMtlImporter.cpp
  ObjFileParser.cpp
  ObjExporter.cpp
  irrXML.cpp
  shapes.cc
  advancing_front.cc
  cdt.cc
  sweep.cc
  sweep_context.cc
  clipper.cpp
  OpenDDLParser.cpp
  DDLNode.cpp
  OpenDDLCommon.cpp
  OpenDDLExport.cpp
  Value.cpp
  ConvertUTF.c
  ioapi.c
  unzip.c
     Creating library C:/Users/40212722/Desktop/set08116/labs/coursework-build/bin/DEBUG/assimp.lib and object C:/Users/40212722/Desktop/set08116/labs/coursework-build/bin/DEBUG/assimp.exp
  assimp.vcxproj -> C:\Users\40212722\Desktop\set08116\labs\coursework-build\bin\DEBUG\assimp.dll
