  Building Custom Rule C:/Users/40212722/Desktop/set08116/labs/coursework-build/libjpeg-src/CMakeLists.txt
  CMake does not need to re-run because C:\Users\40212722\Desktop\set08116\labs\coursework-build\libjpeg-build\CMakeFiles\generate.stamp is up-to-date.
  jmemnobs.c
  jaricom.c
  jcapimin.c
  jcapistd.c
  jcarith.c
  jccoefct.c
  jccolor.c
  jcdctmgr.c
  jchuff.c
  jcinit.c
  jcmainct.c
  jcmarker.c
  jcmaster.c
  jcomapi.c
  jcparam.c
  jcprepct.c
  jcsample.c
  jctrans.c
  jdapimin.c
  jdapistd.c
  jdarith.c
  jdatadst.c
  jdatasrc.c
  jdcoefct.c
  jdcolor.c
  jddctmgr.c
  jdhuff.c
  jdinput.c
  jdmainct.c
  jdmarker.c
  jdmaster.c
  jdmerge.c
  jdpostct.c
  jdsample.c
  jdtrans.c
  jerror.c
  jfdctflt.c
  jfdctfst.c
  jfdctint.c
  jidctflt.c
  jidctfst.c
  jidctint.c
  jquant1.c
  jquant2.c
  jutils.c
  jmemmgr.c
     Creating library C:/Users/40212722/Desktop/set08116/labs/coursework-build/bin/DEBUG/jpeg.lib and object C:/Users/40212722/Desktop/set08116/labs/coursework-build/bin/DEBUG/jpeg.exp
jcapimin.obj : warning LNK4217: locally defined symbol jpeg_abort imported in function jpeg_finish_compress
jdapimin.obj : warning LNK4217: locally defined symbol jpeg_abort imported in function jpeg_destroy_decompress
jcapimin.obj : warning LNK4217: locally defined symbol jpeg_destroy imported in function jpeg_destroy_compress
jdapimin.obj : warning LNK4217: locally defined symbol jpeg_destroy imported in function jpeg_CreateDecompress
jerror.obj : warning LNK4049: locally defined symbol jpeg_destroy imported
jcapimin.obj : warning LNK4217: locally defined symbol jinit_marker_writer imported in function jpeg_write_tables
jcinit.obj : warning LNK4049: locally defined symbol jinit_marker_writer imported
jctrans.obj : warning LNK4049: locally defined symbol jinit_marker_writer imported
jcapimin.obj : warning LNK4217: locally defined symbol jinit_memory_mgr imported in function jpeg_CreateCompress
jdapimin.obj : warning LNK4217: locally defined symbol jinit_memory_mgr imported in function jpeg_CreateDecompress
jcapistd.obj : warning LNK4217: locally defined symbol jpeg_suppress_tables imported in function jpeg_start_compress
jctrans.obj : warning LNK4217: locally defined symbol jpeg_suppress_tables imported in function jpeg_copy_critical_parameters
jcapistd.obj : warning LNK4217: locally defined symbol jinit_compress_master imported in function jpeg_start_compress
jccoefct.obj : warning LNK4217: locally defined symbol jround_up imported in function jinit_c_coef_controller
jdcoefct.obj : warning LNK4217: locally defined symbol jround_up imported in function jinit_d_coef_controller
jdpostct.obj : warning LNK4049: locally defined symbol jround_up imported
jdsample.obj : warning LNK4217: locally defined symbol jround_up imported in function int_upsample
jcdctmgr.obj : warning LNK4217: locally defined symbol jpeg_fdct_islow imported in function start_pass_fdctmgr
jcdctmgr.obj : warning LNK4217: locally defined symbol jpeg_fdct_ifast imported in function start_pass_fdctmgr
jcdctmgr.obj : warning LNK4217: locally defined symbol jpeg_fdct_float imported in function start_pass_fdctmgr
jcdctmgr.obj : warning LNK4217: locally defined symbol jpeg_fdct_7x7 imported in function start_pass_fdctmgr
jcdctmgr.obj : warning LNK4217: locally defined symbol jpeg_fdct_6x6 imported in function start_pass_fdctmgr
jcdctmgr.obj : warning LNK4217: locally defined symbol jpeg_fdct_5x5 imported in function start_pass_fdctmgr
jcdctmgr.obj : warning LNK4217: locally defined symbol jpeg_fdct_4x4 imported in function start_pass_fdctmgr
jcdctmgr.obj : warning LNK4217: locally defined symbol jpeg_fdct_3x3 imported in function start_pass_fdctmgr
jcdctmgr.obj : warning LNK4217: locally defined symbol jpeg_fdct_2x2 imported in function start_pass_fdctmgr
jcdctmgr.obj : warning LNK4217: locally defined symbol jpeg_fdct_1x1 imported in function start_pass_fdctmgr
jcdctmgr.obj : warning LNK4217: locally defined symbol jpeg_fdct_9x9 imported in function start_pass_fdctmgr
jcdctmgr.obj : warning LNK4217: locally defined symbol jpeg_fdct_10x10 imported in function start_pass_fdctmgr
jcdctmgr.obj : warning LNK4217: locally defined symbol jpeg_fdct_11x11 imported in function start_pass_fdctmgr
jcdctmgr.obj : warning LNK4217: locally defined symbol jpeg_fdct_12x12 imported in function start_pass_fdctmgr
jcdctmgr.obj : warning LNK4217: locally defined symbol jpeg_fdct_13x13 imported in function start_pass_fdctmgr
jcdctmgr.obj : warning LNK4217: locally defined symbol jpeg_fdct_14x14 imported in function start_pass_fdctmgr
jcdctmgr.obj : warning LNK4217: locally defined symbol jpeg_fdct_15x15 imported in function start_pass_fdctmgr
jcdctmgr.obj : warning LNK4217: locally defined symbol jpeg_fdct_16x16 imported in function start_pass_fdctmgr
jcdctmgr.obj : warning LNK4217: locally defined symbol jpeg_fdct_16x8 imported in function start_pass_fdctmgr
jcdctmgr.obj : warning LNK4217: locally defined symbol jpeg_fdct_14x7 imported in function start_pass_fdctmgr
jcdctmgr.obj : warning LNK4217: locally defined symbol jpeg_fdct_12x6 imported in function start_pass_fdctmgr
jcdctmgr.obj : warning LNK4217: locally defined symbol jpeg_fdct_10x5 imported in function start_pass_fdctmgr
jcdctmgr.obj : warning LNK4217: locally defined symbol jpeg_fdct_8x4 imported in function start_pass_fdctmgr
jcdctmgr.obj : warning LNK4217: locally defined symbol jpeg_fdct_6x3 imported in function start_pass_fdctmgr
jcdctmgr.obj : warning LNK4217: locally defined symbol jpeg_fdct_4x2 imported in function start_pass_fdctmgr
jcdctmgr.obj : warning LNK4217: locally defined symbol jpeg_fdct_2x1 imported in function start_pass_fdctmgr
jcdctmgr.obj : warning LNK4217: locally defined symbol jpeg_fdct_8x16 imported in function start_pass_fdctmgr
jcdctmgr.obj : warning LNK4217: locally defined symbol jpeg_fdct_7x14 imported in function start_pass_fdctmgr
jcdctmgr.obj : warning LNK4217: locally defined symbol jpeg_fdct_6x12 imported in function start_pass_fdctmgr
jcdctmgr.obj : warning LNK4217: locally defined symbol jpeg_fdct_5x10 imported in function start_pass_fdctmgr
jcdctmgr.obj : warning LNK4217: locally defined symbol jpeg_fdct_4x8 imported in function start_pass_fdctmgr
jcdctmgr.obj : warning LNK4217: locally defined symbol jpeg_fdct_3x6 imported in function start_pass_fdctmgr
jcdctmgr.obj : warning LNK4217: locally defined symbol jpeg_fdct_2x4 imported in function start_pass_fdctmgr
jcdctmgr.obj : warning LNK4217: locally defined symbol jpeg_fdct_1x2 imported in function start_pass_fdctmgr
jchuff.obj : warning LNK4217: locally defined symbol jpeg_alloc_huff_table imported in function finish_pass_gather
jcparam.obj : warning LNK4049: locally defined symbol jpeg_alloc_huff_table imported
jdmarker.obj : warning LNK4049: locally defined symbol jpeg_alloc_huff_table imported
jcinit.obj : warning LNK4217: locally defined symbol jinit_c_master_control imported in function jinit_compress_master
jctrans.obj : warning LNK4217: locally defined symbol jinit_c_master_control imported in function transencode_coef_controller
jcinit.obj : warning LNK4217: locally defined symbol jinit_c_main_controller imported in function jinit_compress_master
jcinit.obj : warning LNK4217: locally defined symbol jinit_c_prep_controller imported in function jinit_compress_master
jcinit.obj : warning LNK4217: locally defined symbol jinit_c_coef_controller imported in function jinit_compress_master
jcinit.obj : warning LNK4217: locally defined symbol jinit_color_converter imported in function jinit_compress_master
jcinit.obj : warning LNK4217: locally defined symbol jinit_downsampler imported in function jinit_compress_master
jcinit.obj : warning LNK4217: locally defined symbol jinit_forward_dct imported in function jinit_compress_master
jcinit.obj : warning LNK4217: locally defined symbol jinit_huff_encoder imported in function jinit_compress_master
jctrans.obj : warning LNK4217: locally defined symbol jinit_huff_encoder imported in function transencode_master_selection
jcinit.obj : warning LNK4217: locally defined symbol jinit_arith_encoder imported in function jinit_compress_master
jctrans.obj : warning LNK4217: locally defined symbol jinit_arith_encoder imported in function transencode_master_selection
jcmaster.obj : warning LNK4217: locally defined symbol jdiv_round_up imported in function jpeg_calc_jpeg_dimensions
jdinput.obj : warning LNK4217: locally defined symbol jdiv_round_up imported in function jpeg_core_output_dimensions
jdmaster.obj : warning LNK4217: locally defined symbol jdiv_round_up imported in function jpeg_calc_output_dimensions
jcparam.obj : warning LNK4217: locally defined symbol jpeg_alloc_quant_table imported in function jpeg_add_quant_table
jctrans.obj : warning LNK4049: locally defined symbol jpeg_alloc_quant_table imported
jdmarker.obj : warning LNK4049: locally defined symbol jpeg_alloc_quant_table imported
jdsample.obj : warning LNK4217: locally defined symbol jcopy_sample_rows imported in function int_upsample
jcprepct.obj : warning LNK4217: locally defined symbol jcopy_sample_rows imported in function expand_bottom_edge
jcsample.obj : warning LNK4049: locally defined symbol jcopy_sample_rows imported
jdcolor.obj : warning LNK4217: locally defined symbol jcopy_sample_rows imported in function grayscale_convert
jdmerge.obj : warning LNK4049: locally defined symbol jcopy_sample_rows imported
jctrans.obj : warning LNK4217: locally defined symbol jpeg_set_defaults imported in function jpeg_copy_critical_parameters
jctrans.obj : warning LNK4217: locally defined symbol jpeg_set_colorspace imported in function jpeg_copy_critical_parameters
jdapimin.obj : warning LNK4217: locally defined symbol jinit_input_controller imported in function jpeg_CreateDecompress
jdapimin.obj : warning LNK4217: locally defined symbol jinit_marker_reader imported in function jpeg_CreateDecompress
jdapistd.obj : warning LNK4217: locally defined symbol jinit_master_decompress imported in function jpeg_start_decompress
jdatasrc.obj : warning LNK4217: locally defined symbol jpeg_resync_to_restart imported in function jpeg_stdio_src
jdcoefct.obj : warning LNK4217: locally defined symbol jcopy_block_row imported in function decompress_smooth_data
jddctmgr.obj : warning LNK4217: locally defined symbol jpeg_idct_islow imported in function start_pass
jddctmgr.obj : warning LNK4217: locally defined symbol jpeg_idct_ifast imported in function start_pass
jddctmgr.obj : warning LNK4217: locally defined symbol jpeg_idct_float imported in function start_pass
jddctmgr.obj : warning LNK4217: locally defined symbol jpeg_idct_7x7 imported in function start_pass
jddctmgr.obj : warning LNK4217: locally defined symbol jpeg_idct_6x6 imported in function start_pass
jddctmgr.obj : warning LNK4217: locally defined symbol jpeg_idct_5x5 imported in function start_pass
jddctmgr.obj : warning LNK4217: locally defined symbol jpeg_idct_4x4 imported in function start_pass
jddctmgr.obj : warning LNK4217: locally defined symbol jpeg_idct_3x3 imported in function start_pass
jddctmgr.obj : warning LNK4217: locally defined symbol jpeg_idct_2x2 imported in function start_pass
jddctmgr.obj : warning LNK4217: locally defined symbol jpeg_idct_1x1 imported in function start_pass
jddctmgr.obj : warning LNK4217: locally defined symbol jpeg_idct_9x9 imported in function start_pass
jddctmgr.obj : warning LNK4217: locally defined symbol jpeg_idct_10x10 imported in function start_pass
jddctmgr.obj : warning LNK4217: locally defined symbol jpeg_idct_11x11 imported in function start_pass
jddctmgr.obj : warning LNK4217: locally defined symbol jpeg_idct_12x12 imported in function start_pass
jddctmgr.obj : warning LNK4217: locally defined symbol jpeg_idct_13x13 imported in function start_pass
jddctmgr.obj : warning LNK4217: locally defined symbol jpeg_idct_14x14 imported in function start_pass
jddctmgr.obj : warning LNK4217: locally defined symbol jpeg_idct_15x15 imported in function start_pass
jddctmgr.obj : warning LNK4217: locally defined symbol jpeg_idct_16x16 imported in function start_pass
jddctmgr.obj : warning LNK4217: locally defined symbol jpeg_idct_16x8 imported in function start_pass
jddctmgr.obj : warning LNK4217: locally defined symbol jpeg_idct_14x7 imported in function start_pass
jddctmgr.obj : warning LNK4217: locally defined symbol jpeg_idct_12x6 imported in function start_pass
jddctmgr.obj : warning LNK4217: locally defined symbol jpeg_idct_10x5 imported in function start_pass
jddctmgr.obj : warning LNK4217: locally defined symbol jpeg_idct_8x4 imported in function start_pass
jddctmgr.obj : warning LNK4217: locally defined symbol jpeg_idct_6x3 imported in function start_pass
jddctmgr.obj : warning LNK4217: locally defined symbol jpeg_idct_4x2 imported in function start_pass
jddctmgr.obj : warning LNK4217: locally defined symbol jpeg_idct_2x1 imported in function start_pass
jddctmgr.obj : warning LNK4217: locally defined symbol jpeg_idct_8x16 imported in function start_pass
jddctmgr.obj : warning LNK4217: locally defined symbol jpeg_idct_7x14 imported in function start_pass
jddctmgr.obj : warning LNK4217: locally defined symbol jpeg_idct_6x12 imported in function start_pass
jddctmgr.obj : warning LNK4217: locally defined symbol jpeg_idct_5x10 imported in function start_pass
jddctmgr.obj : warning LNK4217: locally defined symbol jpeg_idct_4x8 imported in function start_pass
jddctmgr.obj : warning LNK4217: locally defined symbol jpeg_idct_3x6 imported in function start_pass
jddctmgr.obj : warning LNK4217: locally defined symbol jpeg_idct_2x4 imported in function start_pass
jddctmgr.obj : warning LNK4217: locally defined symbol jpeg_idct_1x2 imported in function start_pass
jdmaster.obj : warning LNK4217: locally defined symbol jpeg_core_output_dimensions imported in function jpeg_calc_output_dimensions
jdtrans.obj : warning LNK4217: locally defined symbol jpeg_core_output_dimensions imported in function transdecode_master_selection
jdmaster.obj : warning LNK4217: locally defined symbol jinit_d_main_controller imported in function master_selection
jdmaster.obj : warning LNK4217: locally defined symbol jinit_d_coef_controller imported in function master_selection
jdtrans.obj : warning LNK4049: locally defined symbol jinit_d_coef_controller imported
jdmaster.obj : warning LNK4217: locally defined symbol jinit_d_post_controller imported in function master_selection
jdmaster.obj : warning LNK4217: locally defined symbol jinit_huff_decoder imported in function master_selection
jdtrans.obj : warning LNK4049: locally defined symbol jinit_huff_decoder imported
jdmaster.obj : warning LNK4217: locally defined symbol jinit_arith_decoder imported in function master_selection
jdtrans.obj : warning LNK4049: locally defined symbol jinit_arith_decoder imported
jdmaster.obj : warning LNK4217: locally defined symbol jinit_inverse_dct imported in function master_selection
jdmaster.obj : warning LNK4217: locally defined symbol jinit_upsampler imported in function master_selection
jdmaster.obj : warning LNK4217: locally defined symbol jinit_color_deconverter imported in function master_selection
jdmaster.obj : warning LNK4217: locally defined symbol jinit_1pass_quantizer imported in function master_selection
jdmaster.obj : warning LNK4217: locally defined symbol jinit_2pass_quantizer imported in function master_selection
jdmaster.obj : warning LNK4217: locally defined symbol jinit_merged_upsampler imported in function master_selection
jmemmgr.obj : warning LNK4217: locally defined symbol jpeg_get_small imported in function jinit_memory_mgr
jmemmgr.obj : warning LNK4217: locally defined symbol jpeg_free_small imported in function free_pool
jmemmgr.obj : warning LNK4217: locally defined symbol jpeg_get_large imported in function alloc_large
jmemmgr.obj : warning LNK4217: locally defined symbol jpeg_free_large imported in function free_pool
jmemmgr.obj : warning LNK4217: locally defined symbol jpeg_mem_available imported in function realize_virt_arrays
jmemmgr.obj : warning LNK4217: locally defined symbol jpeg_open_backing_store imported in function realize_virt_arrays
jmemmgr.obj : warning LNK4217: locally defined symbol jpeg_mem_init imported in function jinit_memory_mgr
jmemmgr.obj : warning LNK4217: locally defined symbol jpeg_mem_term imported in function jinit_memory_mgr
  jpeg.vcxproj -> C:\Users\40212722\Desktop\set08116\labs\coursework-build\bin\DEBUG\jpeg.dll
