  Checking Build System
  CMake does not need to re-run because C:/Users/40212722/Desktop/set08116/labs/coursework-build/CMakeFiles/generate.stamp is up-to-date.
  CMake does not need to re-run because C:/Users/40212722/Desktop/set08116/labs/coursework-build/enu_gfx-build/CMakeFiles/generate.stamp is up-to-date.
  CMake does not need to re-run because C:/Users/40212722/Desktop/set08116/labs/coursework-build/zlib-build/CMakeFiles/generate.stamp is up-to-date.
  CMake does not need to re-run because C:/Users/40212722/Desktop/set08116/labs/coursework-build/glfw-build/CMakeFiles/generate.stamp is up-to-date.
  CMake does not need to re-run because C:/Users/40212722/Desktop/set08116/labs/coursework-build/glfw-build/src/CMakeFiles/generate.stamp is up-to-date.
  CMake does not need to re-run because C:/Users/40212722/Desktop/set08116/labs/coursework-build/glew-build/CMakeFiles/generate.stamp is up-to-date.
  CMake does not need to re-run because C:/Users/40212722/Desktop/set08116/labs/coursework-build/glm-build/CMakeFiles/generate.stamp is up-to-date.
  CMake does not need to re-run because C:/Users/40212722/Desktop/set08116/labs/coursework-build/glm-build/glm/CMakeFiles/generate.stamp is up-to-date.
  CMake does not need to re-run because C:/Users/40212722/Desktop/set08116/labs/coursework-build/glm-build/test/CMakeFiles/generate.stamp is up-to-date.
  CMake does not need to re-run because C:/Users/40212722/Desktop/set08116/labs/coursework-build/glm-build/test/bug/CMakeFiles/generate.stamp is up-to-date.
  CMake does not need to re-run because C:/Users/40212722/Desktop/set08116/labs/coursework-build/glm-build/test/core/CMakeFiles/generate.stamp is up-to-date.
  CMake does not need to re-run because C:/Users/40212722/Desktop/set08116/labs/coursework-build/glm-build/test/gtc/CMakeFiles/generate.stamp is up-to-date.
  CMake does not need to re-run because C:/Users/40212722/Desktop/set08116/labs/coursework-build/glm-build/test/gtx/CMakeFiles/generate.stamp is up-to-date.
  CMake does not need to re-run because C:/Users/40212722/Desktop/set08116/labs/coursework-build/assimp-build/CMakeFiles/generate.stamp is up-to-date.
  CMake does not need to re-run because C:/Users/40212722/Desktop/set08116/labs/coursework-build/assimp-build/code/CMakeFiles/generate.stamp is up-to-date.
  CMake does not need to re-run because C:/Users/40212722/Desktop/set08116/labs/coursework-build/libpng-build/CMakeFiles/generate.stamp is up-to-date.
  CMake does not need to re-run because C:/Users/40212722/Desktop/set08116/labs/coursework-build/libjpeg-build/CMakeFiles/generate.stamp is up-to-date.
  CMake does not need to re-run because C:/Users/40212722/Desktop/set08116/labs/coursework-build/devil-build/CMakeFiles/generate.stamp is up-to-date.
  CMake does not need to re-run because C:/Users/40212722/Desktop/set08116/labs/coursework-build/devil-build/src-IL/CMakeFiles/generate.stamp is up-to-date.
  CMake does not need to re-run because C:/Users/40212722/Desktop/set08116/labs/coursework-build/devil-build/src-ILU/CMakeFiles/generate.stamp is up-to-date.
  CMake does not need to re-run because C:/Users/40212722/Desktop/set08116/labs/coursework-build/devil-build/src-ILUT/CMakeFiles/generate.stamp is up-to-date.
