  Building Custom Rule C:/Users/40212722/Desktop/set08116/labs/coursework-build/enu_gfx-src/CMakeLists.txt
  CMake does not need to re-run because C:\Users\40212722\Desktop\set08116\labs\coursework-build\enu_gfx-build\CMakeFiles\generate.stamp is up-to-date.
  app.cpp
  arc_ball_camera.cpp
  chase_camera.cpp
  cubemap.cpp
  depth_buffer.cpp
  directional_light.cpp
  effect.cpp
  frame_buffer.cpp
  free_camera.cpp
  geometry.cpp
  geometry_builder.cpp
  main.cpp
  renderer.cpp
  shadow_map.cpp
  stdafx.cpp
  target_camera.cpp
  terrain.cpp
  texture.cpp
  util.cpp
stdafx.obj : warning LNK4221: This object file does not define any previously undefined public symbols, so it will not be used by any link operation that consumes this library
  enu_graphics_framework.vcxproj -> C:\Users\40212722\Desktop\set08116\labs\coursework-build\bin\DEBUG\enu_graphics_framework.lib
